0 info it worked if it ends with ok
1 verbose cli [ 'node', '/usr/local/bin/npm', 'install', 'newick' ]
2 info using npm@2.1.5
3 info using node@v0.10.32
4 verbose node symlink /usr/local/bin/node
5 warn package.json fs@0.0.2 fs is also the name of a node core module.
6 warn package.json fs@0.0.2 No description
7 warn package.json fs@0.0.2 No repository field.
8 silly cache add args [ 'newick', null ]
9 verbose cache add spec newick
10 silly cache add parsed spec { raw: 'newick',
10 silly cache add   scope: null,
10 silly cache add   name: 'newick',
10 silly cache add   rawSpec: '',
10 silly cache add   spec: '*',
10 silly cache add   type: 'range' }
11 verbose addNamed newick@*
12 silly addNamed semver.valid null
13 silly addNamed semver.validRange *
14 silly addNameRange { name: 'newick', range: '*', hasData: false }
15 verbose mapToRegistry name newick
16 verbose mapToRegistry uri https://registry.npmjs.org/newick
17 verbose addNameRange registry:https://registry.npmjs.org/newick not in flight; fetching
18 verbose request on initialization, where is /newick
19 verbose request after pass 1, where is /newick
20 verbose request url raw /newick
21 verbose request resolving registry [ 'https://registry.npmjs.org/', './newick' ]
22 verbose request after pass 2, where is https://registry.npmjs.org/newick
23 verbose request no auth needed
24 info attempt registry request try #1 at 15:49:55
25 verbose request id 8979bd0401b36a47
26 http request GET https://registry.npmjs.org/newick
27 http 404 https://registry.npmjs.org/newick
28 verbose headers { date: 'Sat, 15 Nov 2014 20:49:55 GMT',
28 verbose headers   server: 'CouchDB/1.5.0 (Erlang OTP/R16B03)',
28 verbose headers   'content-type': 'application/json',
28 verbose headers   'cache-control': 'max-age=0',
28 verbose headers   'content-length': '52',
28 verbose headers   'accept-ranges': 'bytes',
28 verbose headers   via: '1.1 varnish',
28 verbose headers   age: '0',
28 verbose headers   'x-served-by': 'cache-iad2143-IAD',
28 verbose headers   'x-cache': 'MISS',
28 verbose headers   'x-cache-hits': '0',
28 verbose headers   'x-timer': 'S1416084595.500644,VS0,VE344',
28 verbose headers   'keep-alive': 'timeout=10, max=50',
28 verbose headers   connection: 'Keep-Alive' }
29 silly registry.get cb [ 404,
29 silly registry.get   { date: 'Sat, 15 Nov 2014 20:49:55 GMT',
29 silly registry.get     server: 'CouchDB/1.5.0 (Erlang OTP/R16B03)',
29 silly registry.get     'content-type': 'application/json',
29 silly registry.get     'cache-control': 'max-age=0',
29 silly registry.get     'content-length': '52',
29 silly registry.get     'accept-ranges': 'bytes',
29 silly registry.get     via: '1.1 varnish',
29 silly registry.get     age: '0',
29 silly registry.get     'x-served-by': 'cache-iad2143-IAD',
29 silly registry.get     'x-cache': 'MISS',
29 silly registry.get     'x-cache-hits': '0',
29 silly registry.get     'x-timer': 'S1416084595.500644,VS0,VE344',
29 silly registry.get     'keep-alive': 'timeout=10, max=50',
29 silly registry.get     connection: 'Keep-Alive' } ]
30 verbose stack Error: 404 Not Found: newick
30 verbose stack     at RegClient.<anonymous> (/usr/local/lib/node_modules/npm/node_modules/npm-registry-client/lib/request.js:258:14)
30 verbose stack     at Request._callback (/usr/local/lib/node_modules/npm/node_modules/npm-registry-client/lib/request.js:197:65)
30 verbose stack     at Request.self.callback (/usr/local/lib/node_modules/npm/node_modules/request/request.js:199:22)
30 verbose stack     at Request.emit (events.js:98:17)
30 verbose stack     at Request.<anonymous> (/usr/local/lib/node_modules/npm/node_modules/request/request.js:1160:14)
30 verbose stack     at Request.emit (events.js:117:20)
30 verbose stack     at IncomingMessage.<anonymous> (/usr/local/lib/node_modules/npm/node_modules/request/request.js:1111:12)
30 verbose stack     at IncomingMessage.emit (events.js:117:20)
30 verbose stack     at _stream_readable.js:943:16
30 verbose stack     at process._tickCallback (node.js:419:13)
31 verbose statusCode 404
32 verbose pkgid newick
33 verbose cwd /Users/tjacobs2/workspace/ubsrd
34 error Darwin 14.0.0
35 error argv "node" "/usr/local/bin/npm" "install" "newick"
36 error node v0.10.32
37 error npm  v2.1.5
38 error code E404
39 error 404 Not Found: newick
39 error 404
39 error 404 'newick' is not in the npm registry.
39 error 404 You should bug the author to publish it (or use the name yourself!)
39 error 404
39 error 404 Note that you can also install from a
39 error 404 tarball, folder, http url, or git url.
40 verbose exit [ 1, true ]
